Ind	Poss_Paralogs	Low_Coverage/Errors	Miss_Genotype	Total_Failed	Total_Loci	Prop_Success
ONC_BMAG001_F020091USR	2	2903	72	2977	15884	0.812578695542684
ONC_BMAG001_F020093USR	1	2924	26	2951	15884	0.814215562830521
ONC_BMAG001_F020137BTC	2	2907	82	2991	15884	0.811697305464618
ONC_BMAG001_F020177BTC	1	2923	15	2939	15884	0.814971040040292
ONC_BMAG001_F050084MKH	1	2924	10	2935	15884	0.815222865776882
ONC_BMAG001_F050090MKH	3	2921	22	2946	15884	0.814530345001259
ONC_BMAG001_F102938FRH	8	2747	587	3342	15884	0.789599597078821
ONC_BMAG001_F104955FRH	4	2928	1	2933	15884	0.815348778645178
ONC_BMAG001_FEM75	2	2896	82	2980	15884	0.812389826240242
ONC_BMAG001_FEM84	0	2920	15	2935	15884	0.815222865776882
ONC_BMAG001_L000001BUT	1	2931	8	2940	15884	0.814908083606145
ONC_BMAG001_L001839COL	1	2927	9	2937	15884	0.815096952908587
ONC_BMAG001_L001919COL	3	2911	26	2940	15884	0.814908083606145
ONC_BMAG001_L030007BTC	2	2924	11	2937	15884	0.815096952908587
ONC_BMAG001_L030015BTC	2	2712	737	3451	15884	0.782737345756736
ONC_BMAG001_L030085USR	8	2933	9	2950	15884	0.814278519264669
ONC_BMAG001_S050007DER	1	2119	2770	4890	15884	0.692143037018383
ONC_BMAG001_S050014MIL	2	2929	11	2942	15884	0.814782170737849
ONC_BMAG001_S050016MIL	0	2882	154	3036	15884	0.808864265927978
ONC_BMAG001_S080051BUT	0	2600	1139	3739	15884	0.764605892722236
ONC_BMAG001_S080058BUT	3	2789	524	3316	15884	0.791236464366658
ONC_BMAG001_S101618FRH	2	2929	7	2938	15884	0.81503399647444
ONC_BMAG001_S101620FRH	3	2932	3	2938	15884	0.81503399647444
ONC_BMAG001_W020792USR	0	2790	480	3270	15884	0.794132460337446
ONC_BMAG006_F020010DER	1	2883	131	3015	15884	0.810186351045077
ONC_BMAG006_F040063MIL	3	2890	128	3021	15884	0.809808612440191
ONC_BMAG006_F040089BUT	0	2926	7	2933	15884	0.815348778645178
ONC_BMAG006_F080014TOU	4	2918	40	2962	15884	0.813523042054898
ONC_BMAG006_F080015TOU	3	2926	17	2946	15884	0.814530345001259
ONC_BMAG006_F080021MER	4	2923	11	2938	15884	0.81503399647444
ONC_BMAG006_F080022MER	2	2923	20	2945	15884	0.814593301435407
ONC_BMAG006_L030067USR	1	2931	8	2940	15884	0.814908083606145
ONC_BMAG006_L030082USR	2	2926	6	2934	15884	0.81528582221103
ONC_BMAG006_L030091USR	2	2921	4	2927	15884	0.815726517250063
ONC_BMAG006_L030100USR	3	2927	5	2935	15884	0.815222865776882
ONC_BMAG006_L030105USR	1	2930	2	2933	15884	0.815348778645178
ONC_BMAG006_L030106USR	3	2929	3	2935	15884	0.815222865776882
ONC_BMAG006_L050125USR	2	2853	291	3146	15884	0.801939058171745
ONC_BMAG006_S020055DER	6	2826	338	3170	15884	0.800428103752203
ONC_BMAG006_S020061DER	5	2642	967	3614	15884	0.772475446990682
ONC_BMAG006_S080024BUT	0	2924	2	2926	15884	0.815789473684211
ONC_BMAG006_S080077BUT	1	2932	7	2940	15884	0.814908083606145
ONC_BMAG006_S090170FRH	0	2926	18	2944	15884	0.814656257869554
ONC_BMAG006_W011922USR	1	2659	922	3582	15884	0.774490052883405
ONC_BMAG006_W011924USR	0	2925	14	2939	15884	0.814971040040292
ONC_BMAG006_W011927USR	6	2901	98	3005	15884	0.810815915386553
ONC_BMAG006_W011929USR	1	2893	114	3008	15884	0.81062704608411
ONC_BMAG006_W011933USR	1	2912	58	2971	15884	0.81295643414757
ONC_BMAG006_W011934USR	4	2730	627	3361	15884	0.788403424830018
ONC_BMAG007_F080009TOU	8	2923	51	2982	15884	0.812263913371947
ONC_BMAG007_F080012TOU	8	2828	346	3182	15884	0.799672626542433
ONC_BMAG007_F080016TOU	8	2925	6	2939	15884	0.814971040040292
ONC_BMAG007_F080017MER	5	2929	4	2938	15884	0.81503399647444
ONC_BMAG007_F080017TOU	7	2922	5	2934	15884	0.81528582221103
ONC_BMAG007_F080018MER	9	2930	7	2946	15884	0.814530345001259
ONC_BMAG007_F080023MER	4	2930	22	2956	15884	0.813900780659783
ONC_BMAG007_F080024MER	8	2909	73	2990	15884	0.811760261898766
ONC_BMAG007_F080025MER	10	2928	10	2948	15884	0.814404432132964
ONC_BMAG007_L040121USR	9	2928	3	2940	15884	0.814908083606145
ONC_BMAG007_L040122USR	7	2928	7	2942	15884	0.814782170737849
ONC_BMAG007_L050141USR	12	2917	34	2963	15884	0.81346008562075
ONC_BMAG007_L050143USR	10	2930	10	2950	15884	0.814278519264669
ONC_BMAG007_L050145USR	9	2923	34	2966	15884	0.813271216318308
ONC_BMAG007_MaleB112003	13	2925	1	2939	15884	0.814971040040292
ONC_BMAG007_MaleB112403	5	2922	23	2950	15884	0.814278519264669
ONC_BMAG007_S020004DER	9	2447	1593	4049	15884	0.74508939813649
ONC_BMAG007_S020022DER	9	1875	3692	5576	15884	0.64895492319315
ONC_BMAG007_S020023DER	9	1835	3824	5668	15884	0.643162931251574
ONC_BMAG007_S020035MIL	7	2861	233	3101	15884	0.804772097708386
ONC_BMAG007_S020039DER	10	2011	3255	5276	15884	0.667841853437421
ONC_BMAG007_S020041DER	11	2746	558	3315	15884	0.791299420800806
ONC_BMAG007_S020045DER	8	2272	2122	4402	15884	0.722865776882397
ONC_BMAG007_S050054DER	8	2926	13	2947	15884	0.814467388567112
ONC_BMAG007_S080015BUT	15	2931	8	2954	15884	0.814026693528079
ONC_BMAG007_S080019BUT	5	2797	427	3229	15884	0.796713674137497
ONC_BMAG007_S090010FRH	14	2927	4	2945	15884	0.814593301435407
ONC_BMAG007_S090011FRH	10	2819	342	3171	15884	0.800365147318056
ONC_BMAG007_S090153BUT	9	2929	8	2946	15884	0.814530345001259
ONC_BMAG007_S090171FRH	12	2923	3	2938	15884	0.81503399647444
ONC_BMAG007_S090172FRH	8	2923	2	2933	15884	0.815348778645178
ONC_BMAG010_F020128BUT	3	2927	5	2935	15884	0.815222865776882
ONC_BMAG010_F030113BUT	3	2927	17	2947	15884	0.814467388567112
ONC_BMAG010_F030114BUT	2	2930	5	2937	15884	0.815096952908587
ONC_BMAG010_F030118BUT	5	2225	2351	4581	15884	0.711596575169982
ONC_BMAG010_F040009DER	2	2935	4	2941	15884	0.814845127171997
ONC_BMAG010_F040028DER	0	2924	5	2929	15884	0.815600604381768
ONC_BMAG010_L030057USR	1	2529	1285	3815	15884	0.759821203727021
ONC_BMAG010_L030062USR	6	1416	5440	6862	15884	0.567992948879375
ONC_BMAG010_L030066USR	2	2927	2	2931	15884	0.815474691513473
ONC_BMAG010_L030072USR	3	2832	277	3112	15884	0.804079576932763
ONC_BMAG010_L040123USR	4	2337	1990	4331	15884	0.727335683706875
ONC_BMAG010_L040124USR	2	2931	8	2941	15884	0.814845127171997
ONC_BMAG010_L040133USR	3	2898	148	3049	15884	0.808045832284059
ONC_BMAG010_S020005DER	1	2013	3145	5159	15884	0.675207756232687
ONC_BMAG010_S020024DER	7	1723	4298	6028	15884	0.620498614958449
ONC_BMAG010_S020032DER	5	2678	849	3532	15884	0.777637874590783
ONC_BMAG010_S020037DER	3	2723	741	3467	15884	0.781730042810375
ONC_BMAG010_S020050DER	2	2242	2313	4557	15884	0.713107529589524
ONC_BMAG010_S050009DER	2	2878	176	3056	15884	0.807605137245026
ONC_BMAG010_S050040DER	2	2926	23	2951	15884	0.814215562830521
ONC_BMAG010_S050050DER	3	2903	91	2997	15884	0.811319566859733
ONC_BMAG010_S080030BUT	3	2836	281	3120	15884	0.803575925459582
ONC_BMAG010_S080031BUT	4	2926	57	2987	15884	0.811949131201209
ONC_BMAG010_S080035BUT	0	2933	12	2945	15884	0.814593301435407
ONC_BMAG010_S080079BUT	5	2933	22	2960	15884	0.813648954923193
ONC_BMAG010_S080081BUT	5	1689	4486	6180	15884	0.610929236968018
ONC_BMAG010_S080086BUT	5	1731	4067	5803	15884	0.634663812641652
ONC_BMAG010_S080106BUT	2	2921	29	2952	15884	0.814152606396374
ONC_BMAG010_S080108BUT	3	2854	216	3073	15884	0.806534877864518
ONC_BMAG010_S080111BUT	4	2870	227	3101	15884	0.804772097708386
ONC_BMAG010_S090150BUT	2	2917	49	2968	15884	0.813145303450013
ONC_BMAG010_S090155BUT	3	2887	168	3058	15884	0.807479224376731
ONC_BMAG010_S090196BUT	1	2923	28	2952	15884	0.814152606396374
ONC_BMAG010_W011975USR	0	2927	16	2943	15884	0.814719214303702
ONC_BMAG013_F020006DER	1	2928	34	2963	15884	0.81346008562075
ONC_BMAG013_F040066BUT	2	2926	34	2962	15884	0.813523042054898
ONC_BMAG013_F040076BUT	4	2924	23	2951	15884	0.814215562830521
ONC_BMAG013_L050151USR	2	2916	43	2961	15884	0.813585998489046
ONC_BMAG013_S020002DER	8	1148	6793	7949	15884	0.499559304960967
ONC_BMAG013_S020017DER	14	1740	4159	5913	15884	0.627738604885419
ONC_BMAG013_S020027DER	11	2537	1260	3808	15884	0.760261898766054
ONC_BMAG013_S020027MIL	10	2788	490	3288	15884	0.79299924452279
ONC_BMAG013_S020028MIL	12	2604	1072	3688	15884	0.767816670863762
ONC_BMAG013_S020034MIL	1	2850	248	3099	15884	0.804898010576681
ONC_BMAG013_S020036MIL	9	2772	584	3365	15884	0.788151599093427
ONC_BMAG013_S020041MIL	9	1975	3266	5250	15884	0.669478720725258
ONC_BMAG013_S020048DER	15	2665	855	3535	15884	0.77744900528834
ONC_BMAG013_S050049DER	20	2688	900	3608	15884	0.772853185595568
ONC_BMAG013_W011804USR	5	2926	12	2943	15884	0.814719214303702
ONC_BMAG013_W011812USR	4	2894	119	3017	15884	0.810060438176782
ONC_BMAG013_W011815USR	1	2915	38	2954	15884	0.814026693528079
ONC_BMAG013_W011821USR	2	2904	72	2978	15884	0.812515739108537
ONC_BMAG013_W011823USR	1	2925	8	2934	15884	0.81528582221103
ONC_BMAG013_W011829USR	0	2920	37	2957	15884	0.813837824225636
ONC_BMAG013_W011957USR	2	2928	11	2941	15884	0.814845127171997
ONC_BMAG013_W011958USR	0	2914	48	2962	15884	0.813523042054898
ONC_BMAG013_W011959USR	4	2930	3	2937	15884	0.815096952908587
ONC_BMAG013_W011968USR	2	2921	23	2946	15884	0.814530345001259
ONC_BMAG013_W011969USR	5	2926	1	2932	15884	0.815411735079325
ONC_BMAG013_W011978USR	2	2923	15	2940	15884	0.814908083606145
ONC_BMAG013_W011990USR	1	2927	12	2940	15884	0.814908083606145
ONC_BMAG013_W011991USR	0	2912	61	2973	15884	0.812830521279275
ONC_BMAG013_W011994USR	2	2927	21	2950	15884	0.814278519264669
ONC_BMAG013_W011997USR	1	2896	99	2996	15884	0.811382523293881
ONC_BMAG013_W012003USR	5	2928	7	2940	15884	0.814908083606145
ONC_BMAG017_F020022DER	2	2808	440	3250	15884	0.795391589020398
ONC_BMAG017_F030118BUT	1	2268	2148	4417	15884	0.721921430370184
ONC_BMAG017_F040107BUT	2	1307	6163	7472	15884	0.529589524049358
ONC_BMAG017_F080010TOU	3	947	7546	8496	15884	0.465122135482246
ONC_BMAG017_F080018TOU	2	2440	1699	4141	15884	0.739297406194913
ONC_BMAG017_L030057USR	3	2518	1436	3957	15884	0.750881390078066
ONC_BMAG017_L030062USR	4	1400	5528	6932	15884	0.563585998489046
ONC_BMAG017_L030072USR	1	2749	563	3313	15884	0.791425333669101
ONC_BMAG017_L040123USR	1	2869	183	3053	15884	0.807794006547469
ONC_BMAG017_S020001MIL	5	1188	6370	7563	15884	0.523860488541929
ONC_BMAG017_S020005DER	5	2328	1983	4316	15884	0.728280030219088
ONC_BMAG017_S020022DER	2	2931	9	2942	15884	0.814782170737849
ONC_BMAG017_S020023DER	0	2881	131	3012	15884	0.81037522034752
ONC_BMAG017_S020024DER	3	2681	799	3483	15884	0.780722739864014
ONC_BMAG017_S020024MIL	4	1529	5018	6551	15884	0.58757239989927
ONC_BMAG017_S020025MIL	3	2721	651	3375	15884	0.787522034751952
ONC_BMAG017_S020029MIL	0	854	7988	8842	15884	0.443339209267187
ONC_BMAG017_S020032DER	3	1607	4810	6420	15884	0.595819692772601
ONC_BMAG017_S020037DER	0	2890	123	3013	15884	0.810312263913372
ONC_BMAG017_S020039DER	2	2848	303	3153	15884	0.801498363132712
ONC_BMAG017_S020045DER	1	2897	102	3000	15884	0.81113069755729
ONC_BMAG017_S020050DER	1	2595	1211	3807	15884	0.760324855200201
ONC_BMAG017_S020052MIL	3	2929	34	2966	15884	0.813271216318308
ONC_BMAG017_S020054MIL	3	2677	769	3449	15884	0.782863258625031
ONC_BMAG017_S020057MIL	1	2891	134	3026	15884	0.809493830269454
ONC_BMAG017_S020063DER	6	2600	1061	3667	15884	0.769138755980861
ONC_BMAG017_S020064DER	1	2666	916	3583	15884	0.774427096449257
ONC_BMAG017_S020070DER	1	2749	601	3351	15884	0.789032989171493
ONC_BMAG017_S020078DER	3	2298	2135	4436	15884	0.72072525812138
ONC_BMAG017_S040027MIL	1	2928	2	2931	15884	0.815474691513473
ONC_BMAG017_S080081BUT	7	1643	4423	6073	15884	0.617665575421808
ONC_BMAG017_S080086BUT	0	1768	4049	5817	15884	0.633782422563586
ONC_BMAG020_F020086NIM	8	2828	340	3176	15884	0.800050365147318
ONC_BMAG020_F020087NIM	8	2783	500	3291	15884	0.792810375220347
ONC_BMAG020_F020088NIM	10	2750	534	3294	15884	0.792621505917905
ONC_BMAG020_F020134COL	4	2915	21	2940	15884	0.814908083606145
ONC_BMAG020_F020135COL	3	2927	7	2937	15884	0.815096952908587
ONC_BMAG020_F020136COL	5	2918	40	2963	15884	0.81346008562075
ONC_BMAG020_F020137COL	6	2904	53	2963	15884	0.81346008562075
ONC_BMAG020_F020139COL	0	2925	11	2936	15884	0.815159909342735
ONC_BMAG020_F020141COL	3	2925	16	2944	15884	0.814656257869554
ONC_BMAG020_F020143COL	2	2920	40	2962	15884	0.813523042054898
ONC_BMAG020_F020145COL	8	2921	31	2960	15884	0.813648954923193
ONC_BMAG020_F020146COL	4	2925	4	2933	15884	0.815348778645178
ONC_BMAG020_F020147COL	11	2906	54	2971	15884	0.81295643414757
ONC_BMAG020_F020148COL	5	2920	38	2963	15884	0.81346008562075
ONC_BMAG020_F020149COL	5	2890	141	3036	15884	0.808864265927978
ONC_BMAG020_F020152COL	1	2933	20	2954	15884	0.814026693528079
ONC_BMAG020_F020153COL	4	2907	49	2960	15884	0.813648954923193
ONC_BMAG020_F020155COL	7	2925	19	2951	15884	0.814215562830521
ONC_BMAG020_F020157COL	2	2926	15	2943	15884	0.814719214303702
ONC_BMAG020_F020159COL	6	2925	7	2938	15884	0.81503399647444
ONC_BMAG020_F020160COL	3	2930	12	2945	15884	0.814593301435407
ONC_BMAG020_F020161COL	2	2921	9	2932	15884	0.815411735079325
ONC_BMAG020_F020165COL	1	2908	52	2961	15884	0.813585998489046
ONC_BMAG020_F020166COL	3	2903	81	2987	15884	0.811949131201209
ONC_BMAG020_F020167COL	5	2832	258	3095	15884	0.805149836313271
ONC_BMAG020_F050019MKH	5	2920	13	2938	15884	0.81503399647444
ONC_BMAG020_F050024NIM	4	2915	23	2942	15884	0.814782170737849
ONC_BMAG020_F050034MKH	5	2928	10	2943	15884	0.814719214303702
ONC_BMAG020_F050035MKH	5	2919	22	2946	15884	0.814530345001259
ONC_BMAG020_F050055NIM	4	2917	46	2967	15884	0.81320825988416
ONC_BMAG020_F050056NIM	2	2910	59	2971	15884	0.81295643414757
ONC_BMAG020_F050057NIM	2	2918	38	2958	15884	0.813774867791488
ONC_BMAG020_F050073MKH	7	2928	25	2960	15884	0.813648954923193
ONC_BMAG020_F050080NIM	4	2902	89	2995	15884	0.811445479728028
ONC_BMAG020_F050081NIM	12	2902	130	3044	15884	0.808360614454797
ONC_BMAG020_F071595FRH	4	2925	16	2945	15884	0.814593301435407
ONC_BMAG020_F071736FRH	2	2920	23	2945	15884	0.814593301435407
ONC_BMAG020_F071737FRH	4	2917	41	2962	15884	0.813523042054898
ONC_BMAG020_F080136MKH	1	2791	338	3130	15884	0.802946361118106
ONC_BMAG020_F080137MKH	4	2865	154	3023	15884	0.809682699571896
ONC_BMAG020_F080158MKH	1	2909	56	2966	15884	0.813271216318308
ONC_BMAG020_F083161FRH	6	2918	54	2978	15884	0.812515739108537
ONC_BMAG020_F083162FRH	5	2920	23	2948	15884	0.814404432132964
ONC_BMAG020_F098645FRH	2	2923	19	2944	15884	0.814656257869554
ONC_BMAG020_F098646FRH	1	2925	21	2947	15884	0.814467388567112
ONC_BMAG021_F010020MIL	2	2763	572	3337	15884	0.789914379249559
ONC_BMAG021_F020024MIL	7	2833	345	3185	15884	0.79948375723999
ONC_BMAG021_F020025NIM	5	2411	1755	4171	15884	0.737408713170486
ONC_BMAG021_F020026NIM	5	2844	296	3145	15884	0.802002014605893
ONC_BMAG021_F020044NIM	1	2898	115	3014	15884	0.810249307479224
ONC_BMAG021_F020045NIM	8	2821	335	3164	15884	0.800805842357089
ONC_BMAG021_F020076MRH	5	2782	640	3427	15884	0.784248300176278
ONC_BMAG021_F020085MRH	6	2255	2331	4592	15884	0.710904054394359
ONC_BMAG021_F020086STN	6	2791	498	3295	15884	0.792558549483757
ONC_BMAG021_F020088MRH	5	2319	2094	4418	15884	0.721858473936036
ONC_BMAG021_F020097MRH	6	2524	1394	3924	15884	0.752958952404936
ONC_BMAG021_F020133COL	2	2930	6	2938	15884	0.81503399647444
ONC_BMAG021_F020140COL	2	2930	6	2938	15884	0.81503399647444
ONC_BMAG021_F020142COL	0	2931	14	2945	15884	0.814593301435407
ONC_BMAG021_F020151COL	2	2907	53	2962	15884	0.813523042054898
ONC_BMAG021_F020154COL	8	2877	184	3069	15884	0.806786703601108
ONC_BMAG021_F020158COL	4	2909	92	3005	15884	0.810815915386553
ONC_BMAG021_F020163COL	2	2891	145	3038	15884	0.808738353059683
ONC_BMAG021_F020164COL	7	2922	43	2972	15884	0.812893477713422
ONC_BMAG021_F030052NIM	5	2922	28	2955	15884	0.813963737093931
ONC_BMAG021_F030075NIM	0	2927	7	2934	15884	0.81528582221103
ONC_BMAG021_F040063MRH	0	2892	127	3019	15884	0.809934525308487
ONC_BMAG021_F040073MRH	3	2927	15	2945	15884	0.814593301435407
ONC_BMAG021_F040076NIM	1	2929	4	2934	15884	0.81528582221103
ONC_BMAG021_F040084MRH	2	2929	4	2935	15884	0.815222865776882
ONC_BMAG021_F050018MKH	5	2825	325	3155	15884	0.801372450264417
ONC_BMAG021_F050023NIM	3	2926	35	2964	15884	0.813397129186603
ONC_BMAG021_F050072MKH	2	2924	29	2955	15884	0.813963737093931
ONC_BMAG021_F080001MKH	7	2924	8	2939	15884	0.814971040040292
ONC_BMAG021_F080002MKH	5	2920	60	2985	15884	0.812075044069504
ONC_BMAG021_F080003MKH	8	2766	619	3393	15884	0.786388818937295
ONC_BMAG021_F080101MKH	4	2899	93	2996	15884	0.811382523293881
ONC_BMAG021_F080103MKH	7	2766	590	3363	15884	0.788277511961722
ONC_BMAG021_F080107MKH	4	2824	375	3203	15884	0.798350541425334
ONC_BMAG021_F080156MKH	9	2582	1236	3827	15884	0.75906572651725
ONC_BMAG021_F080157MKH	10	2888	153	3051	15884	0.807919919415764
ONC_BMAG021_F080159MKH	6	2880	152	3038	15884	0.808738353059683
ONC_BMAG021_F080161MKH	7	2872	154	3033	15884	0.809053135230421
ONC_BMAG021_F083160FRH	14	2895	170	3079	15884	0.806157139259632
ONC_BMAG021_F098644FRH	5	2712	699	3416	15884	0.784940820951901
ONC_BMAG021_F100042FRH	4	2732	651	3387	15884	0.786766557542181
ONC_BMAG021_F100043FRH	4	2894	132	3030	15884	0.809242004532863
ONC_BMAG021_F106579FRH	4	2893	114	3011	15884	0.810438176781667
ONC_BMAG021_F107903FRH	7	2895	124	3026	15884	0.809493830269454
ONC_BMAG022_F010011MIL	20	1876	3681	5577	15884	0.648891966759003
ONC_BMAG022_F010021MIL	14	2777	486	3277	15884	0.793691765298413
ONC_BMAG022_F010225MER	3	2910	59	2972	15884	0.812893477713422
ONC_BMAG022_F010300STN	2	2922	33	2957	15884	0.813837824225636
ONC_BMAG022_F020004STN	20	1976	3444	5440	15884	0.65751699823722
ONC_BMAG022_F020015MIL	20	1456	5536	7012	15884	0.55854948375724
ONC_BMAG022_F020019MIL	18	1969	3386	5373	15884	0.661735079325107
ONC_BMAG022_F020031MIL	8	953	7565	8526	15884	0.463233442457819
ONC_BMAG022_F020032MIL	12	1818	3965	5795	15884	0.635167464114833
ONC_BMAG022_F020049MER	8	1088	6936	8032	15884	0.494333920926719
ONC_BMAG022_F020073STN	13	2380	1904	4297	15884	0.729476202467892
ONC_BMAG022_F020074MRH	19	1636	4502	6157	15884	0.612377234953412
ONC_BMAG022_F020074STN	18	2609	1057	3684	15884	0.768068496600353
ONC_BMAG022_F020085STN	29	2131	2613	4773	15884	0.699508939813649
ONC_BMAG022_F020087STN	18	1920	3424	5362	15884	0.66242760010073
ONC_BMAG022_F030015NIM	1	2923	4	2928	15884	0.815663560815915
ONC_BMAG022_F030016NIM	3	2923	3	2929	15884	0.815600604381768
ONC_BMAG022_F030053NIM	3	2925	3	2931	15884	0.815474691513473
ONC_BMAG022_F030054NIM	1	2930	4	2935	15884	0.815222865776882
ONC_BMAG022_F030076NIM	0	2929	8	2937	15884	0.815096952908587
ONC_BMAG022_F040010TOU	2	2925	9	2936	15884	0.815159909342735
ONC_BMAG022_F040016TOU	5	2922	31	2958	15884	0.813774867791488
ONC_BMAG022_F040019NIM	4	2930	5	2939	15884	0.814971040040292
ONC_BMAG022_F040024TOU	5	2841	288	3134	15884	0.802694535381516
ONC_BMAG022_F040053MRH	15	855	7861	8731	15884	0.450327373457567
ONC_BMAG022_F040053NIM	1	2907	57	2965	15884	0.813334172752455
ONC_BMAG022_F040054MRH	20	2163	2510	4693	15884	0.704545454545455
ONC_BMAG022_F040056STN	3	2932	5	2940	15884	0.814908083606145
ONC_BMAG022_F040066TOU	9	2713	772	3494	15884	0.780030219088391
ONC_BMAG022_F040073STN	16	1811	3903	5730	15884	0.639259632334425
ONC_BMAG022_F040081MKH	4	2905	95	3004	15884	0.8108788718207
ONC_BMAG022_F040082NIM	3	2823	385	3211	15884	0.797846889952153
ONC_BMAG022_F040082TOU	5	2922	25	2952	15884	0.814152606396374
ONC_BMAG022_F071755FRH	10	2842	355	3207	15884	0.798098715688743
ONC_BMAG022_F080019MER	9	2642	919	3570	15884	0.775245530093176
ONC_BMAG022_F100040FRH	10	2827	336	3173	15884	0.800239234449761
ONC_BMAG022_F100554FRH	15	2486	1561	4062	15884	0.744270964492571
ONC_BMAG022_F101504FRH	8	2793	428	3229	15884	0.796713674137497
ONC_BMAG022_F106580FRH	10	2617	1073	3700	15884	0.767061193653992
ONC_BMAG022_F200082STN	16	2435	1642	4093	15884	0.742319315033996
ONC_BMAG023_F010017MIL	11	1230	6375	7616	15884	0.520523797532108
ONC_BMAG023_F010155MER	3	831	8094	8928	15884	0.437924955930496
ONC_BMAG023_F010157MER	0	2928	12	2940	15884	0.814908083606145
ONC_BMAG023_F010226MER	2	2706	700	3408	15884	0.785444472425082
ONC_BMAG023_F010240MER	3	2918	47	2968	15884	0.813145303450013
ONC_BMAG023_F010289STN	3	2923	10	2936	15884	0.815159909342735
ONC_BMAG023_F010290STN	4	2804	391	3199	15884	0.798602367161924
ONC_BMAG023_F020003STN	8	1091	6868	7967	15884	0.498426089146311
ONC_BMAG023_F020013MIL	3	1427	5500	6930	15884	0.563711911357341
ONC_BMAG023_F020134BUT	1	2926	4	2931	15884	0.815474691513473
ONC_BMAG023_F030080NIM	4	2926	4	2934	15884	0.81528582221103
ONC_BMAG023_F030103BUT	5	1471	5405	6881	15884	0.566796776630572
ONC_BMAG023_F030106BUT	3	900	8179	9082	15884	0.42822966507177
ONC_BMAG023_F030131BUT	2	1168	6272	7442	15884	0.531478217073785
ONC_BMAG023_F040008DER	1	2914	51	2966	15884	0.813271216318308
ONC_BMAG023_F040010DER	5	2773	510	3288	15884	0.79299924452279
ONC_BMAG023_F040012TOU	2	2888	120	3010	15884	0.810501133215815
ONC_BMAG023_F040019MRH	2	911	7759	8672	15884	0.454041803072274
ONC_BMAG023_F040020NIM	7	2722	720	3449	15884	0.782863258625031
ONC_BMAG023_F040020TOU	4	2871	179	3054	15884	0.807731050113322
ONC_BMAG023_F040022MKH	4	1526	4836	6366	15884	0.59921934021657
ONC_BMAG023_F040025TOU	8	1132	6969	8109	15884	0.489486275497356
ONC_BMAG023_F040027NIM	12	2284	2247	4543	15884	0.71398891966759
ONC_BMAG023_F040027TOU	4	1446	5337	6787	15884	0.572714681440443
ONC_BMAG023_F040030TOU	4	2582	1104	3690	15884	0.767690757995467
ONC_BMAG023_F040033TOU	2	2812	476	3290	15884	0.792873331654495
ONC_BMAG023_F040035MKH	4	2839	291	3134	15884	0.802694535381516
ONC_BMAG023_F040036TOU	7	2920	23	2950	15884	0.814278519264669
ONC_BMAG023_F040043STN	2	2928	12	2942	15884	0.814782170737849
ONC_BMAG023_F040046DER	15	2742	664	3421	15884	0.784626038781163
ONC_BMAG023_F040047NIM	2	2024	3147	5173	15884	0.674326366154621
ONC_BMAG023_F040052STN	3	2886	138	3027	15884	0.809430873835306
ONC_BMAG023_F040054NIM	2	1828	3981	5811	15884	0.634160161168471
ONC_BMAG023_F040055MKH	5	2740	642	3387	15884	0.786766557542181
ONC_BMAG023_F040060STN	3	2904	89	2996	15884	0.811382523293881
ONC_BMAG023_F040069TOU	5	2514	1297	3816	15884	0.759758247292873
ONC_BMAG023_F040076TOU	6	2602	1021	3629	15884	0.771531100478469
ONC_BMAG023_F040077TOU	6	2575	1147	3728	15884	0.76529841349786
ONC_BMAG023_F040079TOU	4	2793	473	3270	15884	0.794132460337446
ONC_BMAG023_F040086STN	5	1115	6807	7927	15884	0.500944346512214
ONC_BMAG023_F040095TOU	3	845	8204	9052	15884	0.430118358096197
ONC_BMAG023_F040117BUT	2	2880	157	3039	15884	0.808675396625535
ONC_BMAG023_F040121BUT	3	2926	19	2948	15884	0.814404432132964
ONC_BMAG024_F010010MIL	16	2496	1549	4061	15884	0.744333920926719
ONC_BMAG024_F010014MIL	6	1898	3498	5402	15884	0.659909342734827
ONC_BMAG024_F010019STN	0	2931	3	2934	15884	0.81528582221103
ONC_BMAG024_F010022MIL	15	1531	5129	6675	15884	0.579765802064971
ONC_BMAG024_F010122MER	2	2927	3	2932	15884	0.815411735079325
ONC_BMAG024_F010219STN	7	2822	311	3140	15884	0.802316796776631
ONC_BMAG024_F010227MER	3	2923	10	2936	15884	0.815159909342735
ONC_BMAG024_F010233MER	3	2936	4	2943	15884	0.814719214303702
ONC_BMAG024_F010242MER	6	2931	5	2942	15884	0.814782170737849
ONC_BMAG024_F010244MER	4	2922	3	2929	15884	0.815600604381768
ONC_BMAG024_F010245MER	5	2932	22	2959	15884	0.813711911357341
ONC_BMAG024_F010246MER	2	2924	4	2930	15884	0.81553764794762
ONC_BMAG024_F020013DER	25	1539	5153	6717	15884	0.577121631830773
ONC_BMAG024_F040011DER	7	2856	252	3115	15884	0.80389070763032
ONC_BMAG024_F040018MKH	5	2879	156	3040	15884	0.808612440191388
ONC_BMAG024_F040030MER	8	2397	1721	4126	15884	0.740241752707127
ONC_BMAG024_F040035TOU	9	2693	801	3503	15884	0.779463611181063
ONC_BMAG024_F040046STN	11	2522	1384	3917	15884	0.753399647443969
ONC_BMAG024_F040058MKH	16	1288	6135	7439	15884	0.531667086376228
ONC_BMAG024_F040058STN	3	2891	158	3052	15884	0.807856962981617
ONC_BMAG024_F040059MKH	11	2119	2717	4847	15884	0.694850163686729
ONC_BMAG024_F040060MKH	6	2804	396	3206	15884	0.798161672122891
ONC_BMAG024_F040080MKH	9	2548	1178	3735	15884	0.764857718458827
ONC_BMAG024_F040083TOU	11	1798	4014	5823	15884	0.633404683958701
ONC_BMAG024_F040087BUT	19	1396	5653	7068	15884	0.555023923444976
ONC_BMAG024_F040094TOU	8	2682	798	3488	15884	0.780407957693276
ONC_BMAG024_F040097BUT	11	2733	639	3383	15884	0.787018383278771
ONC_BMAG024_F083155FRH	27	1537	5028	6592	15884	0.584991186099219
ONC_BMAG024_F100041FRH	4	2916	62	2982	15884	0.812263913371947
ONC_BMAG024_F1011747FRH	11	2809	401	3221	15884	0.797217325610677
ONC_BMAG025_F010002MIL	9	1883	3430	5322	15884	0.664945857466633
ONC_BMAG025_F010023MIL	3	1559	4982	6544	15884	0.588013094938303
ONC_BMAG025_F010053MER	1	2870	191	3062	15884	0.807227398640141
ONC_BMAG025_F010115MER	1	2882	141	3024	15884	0.809619743137749
ONC_BMAG025_F010116MER	3	2920	31	2954	15884	0.814026693528079
ONC_BMAG025_F010121MER	0	2912	53	2965	15884	0.813334172752455
ONC_BMAG025_F010154MER	2	2912	52	2966	15884	0.813271216318308
ONC_BMAG025_F010158MER	3	2928	2	2933	15884	0.815348778645178
ONC_BMAG025_F010197MER	1	2847	227	3075	15884	0.806408964996223
ONC_BMAG025_F010202STN	5	2730	598	3333	15884	0.79016620498615
ONC_BMAG025_F010231MER	3	2887	116	3006	15884	0.810752958952405
ONC_BMAG025_F020122BUT	1	2925	6	2932	15884	0.815411735079325
ONC_BMAG025_F020127BUT	6	2898	64	2968	15884	0.813145303450013
ONC_BMAG025_F020135BUT	4	2905	94	3003	15884	0.810941828254848
ONC_BMAG025_F030124BUT	0	2625	979	3604	15884	0.773105011332158
ONC_BMAG025_F030129BUT	4	1817	5269	7090	15884	0.55363888189373
ONC_BMAG025_F040022DER	1	2908	72	2981	15884	0.812326869806094
ONC_BMAG025_F040023MER	4	1416	5477	6897	15884	0.565789473684211
ONC_BMAG025_F040027DER	2	2930	9	2941	15884	0.814845127171997
ONC_BMAG025_F040041STN	10	971	7775	8756	15884	0.448753462603878
ONC_BMAG025_F040044MIL	9	2657	851	3517	15884	0.778582221102997
ONC_BMAG025_F040047DER	4	2469	1582	4055	15884	0.744711659531604
ONC_BMAG025_F040050DER	3	2905	79	2987	15884	0.811949131201209
ONC_BMAG025_F040050MIL	2	2586	1152	3740	15884	0.764542936288089
ONC_BMAG025_F040065DER	6	2555	1246	3807	15884	0.760324855200201
ONC_BMAG025_F040089TOU	4	1369	5706	7079	15884	0.554331402669353
ONC_BMAG025_F040093MIL	3	2890	146	3039	15884	0.808675396625535
ONC_BMAG025_F040095MIL	7	2095	2815	4917	15884	0.690443213296399
ONC_BMAG025_F106578FRH	7	2807	434	3248	15884	0.795517501888693
