Ind	Poss_Paralogs	Low_Coverage/Errors	Miss_Genotype	Total_Failed	Total_Loci	Prop_Success
ONC_BMAG001_F020091USR	2	3806	73	3881	18475	0.789932341001353
ONC_BMAG001_F020093USR	1	3838	30	3869	18475	0.790581867388363
ONC_BMAG001_F020137BTC	2	3814	90	3906	18475	0.788579161028417
ONC_BMAG001_F020177BTC	1	3827	19	3847	18475	0.791772665764547
ONC_BMAG001_F050084MKH	3	3836	10	3849	18475	0.791664411366712
ONC_BMAG001_F050090MKH	5	3830	23	3858	18475	0.791177266576455
ONC_BMAG001_F102938FRH	3	3610	668	4281	18475	0.768281461434371
ONC_BMAG001_F104955FRH	3	3844	2	3849	18475	0.791664411366712
ONC_BMAG001_FEM75	3	3799	90	3892	18475	0.789336941813261
ONC_BMAG001_FEM84	1	3826	15	3842	18475	0.792043301759134
ONC_BMAG001_L000001BUT	1	3835	8	3844	18475	0.791935047361299
ONC_BMAG001_L001839COL	4	3842	10	3856	18475	0.79128552097429
ONC_BMAG001_L001919COL	1	3824	33	3858	18475	0.791177266576455
ONC_BMAG001_L030007BTC	1	3832	11	3844	18475	0.791935047361299
ONC_BMAG001_L030015BTC	2	3563	844	4409	18475	0.761353179972936
ONC_BMAG001_L030085USR	5	3842	8	3855	18475	0.791339648173207
ONC_BMAG001_S050007DER	0	2783	3176	5959	18475	0.67745602165088
ONC_BMAG001_S050014MIL	2	3840	15	3857	18475	0.791231393775372
ONC_BMAG001_S050016MIL	1	3783	160	3944	18475	0.786522327469553
ONC_BMAG001_S080051BUT	2	3408	1308	4718	18475	0.744627875507442
ONC_BMAG001_S080058BUT	2	3658	615	4275	18475	0.768606224627876
ONC_BMAG001_S101618FRH	2	3835	6	3843	18475	0.791989174560217
ONC_BMAG001_S101620FRH	1	3839	3	3843	18475	0.791989174560217
ONC_BMAG001_W012017USR	2	3364	1362	4728	18475	0.744086603518268
ONC_BMAG001_W020792USR	2	3647	543	4192	18475	0.773098782138024
ONC_BMAG006_F020010DER	1	3785	151	3937	18475	0.786901217861976
ONC_BMAG006_F040063MIL	6	3793	135	3934	18475	0.787063599458728
ONC_BMAG006_F040089BUT	5	3833	9	3847	18475	0.791772665764547
ONC_BMAG006_F080014TOU	3	3830	42	3875	18475	0.790257104194858
ONC_BMAG006_F080015TOU	5	3836	17	3858	18475	0.791177266576455
ONC_BMAG006_F080021MER	4	3825	14	3843	18475	0.791989174560217
ONC_BMAG006_F080022MER	3	3834	24	3861	18475	0.791014884979702
ONC_BMAG006_L030067USR	2	3840	10	3852	18475	0.791502029769959
ONC_BMAG006_L030082USR	5	3830	8	3843	18475	0.791989174560217
ONC_BMAG006_L030091USR	1	3832	4	3837	18475	0.792313937753721
ONC_BMAG006_L030100USR	3	3831	7	3841	18475	0.792097428958051
ONC_BMAG006_L030105USR	3	3840	3	3846	18475	0.791826792963464
ONC_BMAG006_L030106USR	3	3838	4	3845	18475	0.791880920162382
ONC_BMAG006_L050125USR	4	3738	317	4059	18475	0.780297699594046
ONC_BMAG006_S020055DER	8	3704	371	4083	18475	0.778998646820027
ONC_BMAG006_S020061DER	6	3458	1117	4581	18475	0.752043301759134
ONC_BMAG006_S080024BUT	3	3836	3	3842	18475	0.792043301759134
ONC_BMAG006_S080077BUT	4	3842	7	3853	18475	0.791447902571042
ONC_BMAG006_S090170FRH	1	3832	20	3853	18475	0.791447902571042
ONC_BMAG006_W011922USR	1	3470	1055	4526	18475	0.755020297699594
ONC_BMAG006_W011924USR	2	3836	12	3850	18475	0.791610284167794
ONC_BMAG006_W011927USR	6	3799	122	3927	18475	0.78744248985115
ONC_BMAG006_W011929USR	2	3787	134	3923	18475	0.78765899864682
ONC_BMAG006_W011933USR	1	3814	65	3880	18475	0.789986468200271
ONC_BMAG006_W011934USR	5	3608	691	4304	18475	0.767036535859269
ONC_BMAG007_F080009TOU	10	3824	47	3881	18475	0.789932341001353
ONC_BMAG007_F080012TOU	3	3706	388	4097	18475	0.778240866035183
ONC_BMAG007_F080016TOU	6	3832	8	3846	18475	0.791826792963464
ONC_BMAG007_F080017MER	6	3833	6	3845	18475	0.791880920162382
ONC_BMAG007_F080017TOU	8	3824	9	3841	18475	0.792097428958051
ONC_BMAG007_F080018MER	6	3838	8	3852	18475	0.791502029769959
ONC_BMAG007_F080023MER	3	3835	21	3859	18475	0.791123139377537
ONC_BMAG007_F080024MER	4	3816	68	3888	18475	0.789553450608931
ONC_BMAG007_F080025MER	10	3834	9	3853	18475	0.791447902571042
ONC_BMAG007_L040121USR	8	3835	4	3847	18475	0.791772665764547
ONC_BMAG007_L040122USR	10	3838	6	3854	18475	0.791393775372125
ONC_BMAG007_L050141USR	8	3824	32	3864	18475	0.79085250338295
ONC_BMAG007_L050143USR	7	3835	10	3852	18475	0.791502029769959
ONC_BMAG007_L050145USR	6	3825	37	3868	18475	0.79063599458728
ONC_BMAG007_MaleB112003	13	3833	3	3849	18475	0.791664411366712
ONC_BMAG007_MaleB112403	4	3828	23	3855	18475	0.791339648173207
ONC_BMAG007_S020004DER	5	3253	1807	5065	18475	0.725845737483085
ONC_BMAG007_S020022DER	5	2481	4177	6663	18475	0.63935047361299
ONC_BMAG007_S020023DER	5	2405	4376	6786	18475	0.632692828146143
ONC_BMAG007_S020035MIL	5	3755	261	4021	18475	0.782354533152909
ONC_BMAG007_S020039DER	9	2659	3664	6332	18475	0.657266576454668
ONC_BMAG007_S020041DER	4	3626	629	4259	18475	0.769472259810555
ONC_BMAG007_S020045DER	11	2998	2391	5400	18475	0.707713125845737
ONC_BMAG007_S050054DER	8	3834	14	3856	18475	0.79128552097429
ONC_BMAG007_S080015BUT	15	3838	10	3863	18475	0.790906630581867
ONC_BMAG007_S080019BUT	3	3677	456	4136	18475	0.776129905277402
ONC_BMAG007_S090010FRH	12	3833	5	3850	18475	0.791610284167794
ONC_BMAG007_S090011FRH	7	3703	368	4078	18475	0.779269282814614
ONC_BMAG007_S090153BUT	4	3839	11	3854	18475	0.791393775372125
ONC_BMAG007_S090171FRH	7	3831	5	3843	18475	0.791989174560217
ONC_BMAG007_S090172FRH	6	3831	3	3840	18475	0.792151556156969
ONC_BMAG010_F020128BUT	3	3836	8	3847	18475	0.791772665764547
ONC_BMAG010_F030113BUT	0	3840	21	3861	18475	0.791014884979702
ONC_BMAG010_F030114BUT	3	3837	6	3846	18475	0.791826792963464
ONC_BMAG010_F030118BUT	3	2944	2667	5614	18475	0.696129905277402
ONC_BMAG010_F040009DER	6	3835	6	3847	18475	0.791772665764547
ONC_BMAG010_F040028DER	5	3837	5	3847	18475	0.791772665764547
ONC_BMAG010_L030057USR	3	3328	1480	4811	18475	0.739594046008119
ONC_BMAG010_L030062USR	3	1888	6276	8167	18475	0.557943166441137
ONC_BMAG010_L030066USR	3	3839	4	3846	18475	0.791826792963464
ONC_BMAG010_L030072USR	6	3725	316	4047	18475	0.780947225981055
ONC_BMAG010_L040123USR	6	3042	2421	5469	18475	0.703978349120433
ONC_BMAG010_L040124USR	4	3836	7	3847	18475	0.791772665764547
ONC_BMAG010_L040133USR	3	3792	182	3977	18475	0.784736129905277
ONC_BMAG010_S020005DER	2	2641	3754	6397	18475	0.653748308525034
ONC_BMAG010_S020024DER	7	2204	5090	7301	18475	0.604817320703654
ONC_BMAG010_S020032DER	7	3504	1058	4569	18475	0.752692828146143
ONC_BMAG010_S020037DER	2	3544	896	4442	18475	0.75956698240866
ONC_BMAG010_S020050DER	1	2933	2739	5673	18475	0.692936400541272
ONC_BMAG010_S050009DER	1	3770	222	3993	18475	0.783870094722598
ONC_BMAG010_S050040DER	0	3827	34	3861	18475	0.791014884979702
ONC_BMAG010_S050050DER	4	3793	120	3917	18475	0.787983761840325
ONC_BMAG010_S080030BUT	3	3730	333	4066	18475	0.779918809201624
ONC_BMAG010_S080031BUT	3	3829	68	3900	18475	0.788903924221922
ONC_BMAG010_S080035BUT	2	3842	12	3856	18475	0.79128552097429
ONC_BMAG010_S080079BUT	2	3839	33	3874	18475	0.790311231393775
ONC_BMAG010_S080081BUT	7	2160	5260	7427	18475	0.597997293640054
ONC_BMAG010_S080086BUT	5	2244	4785	7034	18475	0.619269282814614
ONC_BMAG010_S080106BUT	4	3831	33	3868	18475	0.79063599458728
ONC_BMAG010_S080108BUT	4	3746	266	4016	18475	0.782625169147497
ONC_BMAG010_S080111BUT	4	3744	290	4038	18475	0.781434370771313
ONC_BMAG010_S090150BUT	0	3823	58	3881	18475	0.789932341001353
ONC_BMAG010_S090155BUT	3	3768	210	3981	18475	0.784519621109608
ONC_BMAG010_S090196BUT	2	3827	36	3865	18475	0.790798376184032
ONC_BMAG010_W011975USR	3	3837	19	3859	18475	0.791123139377537
ONC_BMAG013_F020006DER	2	3836	36	3874	18475	0.790311231393775
ONC_BMAG013_F040066BUT	6	3837	43	3886	18475	0.789661705006766
ONC_BMAG013_F040076BUT	5	3837	18	3860	18475	0.79106901217862
ONC_BMAG013_L050151USR	5	3821	46	3872	18475	0.79041948579161
ONC_BMAG013_S020002DER	7	1539	7758	9304	18475	0.496400541271989
ONC_BMAG013_S020017DER	13	2303	4760	7076	18475	0.616995940460081
ONC_BMAG013_S020027DER	5	3344	1421	4770	18475	0.741813261163735
ONC_BMAG013_S020027MIL	6	3646	559	4211	18475	0.772070365358593
ONC_BMAG013_S020028MIL	5	3406	1219	4630	18475	0.749391069012179
ONC_BMAG013_S020034MIL	3	3732	282	4017	18475	0.782571041948579
ONC_BMAG013_S020036MIL	5	3642	660	4307	18475	0.766874154262517
ONC_BMAG013_S020041MIL	5	2621	3762	6388	18475	0.654235453315291
ONC_BMAG013_S020048DER	13	3529	971	4513	18475	0.755723951285521
ONC_BMAG013_S050049DER	16	3523	1009	4548	18475	0.75382949932341
ONC_BMAG013_W011804USR	4	3833	16	3853	18475	0.791447902571042
ONC_BMAG013_W011812USR	2	3792	133	3927	18475	0.78744248985115
ONC_BMAG013_W011815USR	1	3821	39	3861	18475	0.791014884979702
ONC_BMAG013_W011821USR	1	3806	88	3895	18475	0.789174560216509
ONC_BMAG013_W011823USR	3	3834	9	3846	18475	0.791826792963464
ONC_BMAG013_W011829USR	0	3825	36	3861	18475	0.791014884979702
ONC_BMAG013_W011957USR	5	3833	13	3851	18475	0.791556156968877
ONC_BMAG013_W011958USR	0	3816	52	3868	18475	0.79063599458728
ONC_BMAG013_W011959USR	4	3837	4	3845	18475	0.791880920162382
ONC_BMAG013_W011968USR	2	3830	26	3858	18475	0.791177266576455
ONC_BMAG013_W011969USR	3	3833	7	3843	18475	0.791989174560217
ONC_BMAG013_W011978USR	3	3835	15	3853	18475	0.791447902571042
ONC_BMAG013_W011990USR	2	3838	6	3846	18475	0.791826792963464
ONC_BMAG013_W011991USR	3	3823	52	3878	18475	0.790094722598106
ONC_BMAG013_W011994USR	2	3835	18	3855	18475	0.791339648173207
ONC_BMAG013_W011997USR	2	3796	112	3910	18475	0.788362652232747
ONC_BMAG013_W012003USR	2	3839	5	3846	18475	0.791826792963464
ONC_BMAG017_F020022DER	2	3672	506	4180	18475	0.773748308525034
ONC_BMAG017_F030118BUT	1	3029	2399	5429	18475	0.706143437077131
ONC_BMAG017_F040107BUT	2	1797	6917	8716	18475	0.528227334235453
ONC_BMAG017_F080010TOU	1	1342	8541	9884	18475	0.465006765899865
ONC_BMAG017_F080018TOU	1	3234	1886	5121	18475	0.722814614343708
ONC_BMAG017_L030057USR	2	3339	1562	4903	18475	0.734614343707713
ONC_BMAG017_L030062USR	6	1927	6288	8221	18475	0.555020297699594
ONC_BMAG017_L030072USR	2	3623	626	4251	18475	0.769905277401894
ONC_BMAG017_L040123USR	3	3767	200	3970	18475	0.7851150202977
ONC_BMAG017_S020001MIL	4	1611	7291	8906	18475	0.517943166441137
ONC_BMAG017_S020005DER	2	3084	2264	5350	18475	0.71041948579161
ONC_BMAG017_S020022DER	3	3838	11	3852	18475	0.791502029769959
ONC_BMAG017_S020023DER	4	3775	153	3932	18475	0.787171853856563
ONC_BMAG017_S020024DER	4	3518	937	4459	18475	0.758646820027064
ONC_BMAG017_S020024MIL	4	2011	5764	7779	18475	0.57894451962111
ONC_BMAG017_S020025MIL	2	3568	739	4309	18475	0.766765899864682
ONC_BMAG017_S020029MIL	2	1148	9142	10292	18475	0.442922868741543
ONC_BMAG017_S020032DER	1	2122	5474	7597	18475	0.588795669824087
ONC_BMAG017_S020037DER	1	3790	139	3930	18475	0.787280108254398
ONC_BMAG017_S020039DER	1	3734	321	4056	18475	0.780460081190798
ONC_BMAG017_S020045DER	2	3807	124	3933	18475	0.787117726657645
ONC_BMAG017_S020050DER	2	3404	1382	4788	18475	0.740838971583221
ONC_BMAG017_S020052MIL	5	3826	39	3870	18475	0.790527740189445
ONC_BMAG017_S020054MIL	7	3534	851	4392	18475	0.762273342354533
ONC_BMAG017_S020057MIL	3	3789	143	3935	18475	0.787009472259811
ONC_BMAG017_S020063DER	6	3404	1199	4609	18475	0.750527740189445
ONC_BMAG017_S020064DER	2	3485	1038	4525	18475	0.755074424898512
ONC_BMAG017_S020070DER	3	3629	656	4288	18475	0.767902571041949
ONC_BMAG017_S020078DER	3	3040	2447	5490	18475	0.702841677943166
ONC_BMAG017_S040027MIL	3	3834	2	3839	18475	0.792205683355886
ONC_BMAG017_S080081BUT	6	2237	4983	7226	18475	0.608876860622463
ONC_BMAG017_S080086BUT	1	2376	4564	6941	18475	0.624303112313938
ONC_BMAG020_F020086NIM	3	3719	354	4076	18475	0.779377537212449
ONC_BMAG020_F020087NIM	7	3661	545	4213	18475	0.771962110960758
ONC_BMAG020_F020088NIM	8	3614	605	4227	18475	0.771204330175913
ONC_BMAG020_F020134COL	8	3825	21	3854	18475	0.791393775372125
ONC_BMAG020_F020135COL	4	3837	9	3850	18475	0.791610284167794
ONC_BMAG020_F020136COL	4	3824	41	3869	18475	0.790581867388363
ONC_BMAG020_F020137COL	7	3805	56	3868	18475	0.79063599458728
ONC_BMAG020_F020139COL	0	3832	12	3844	18475	0.791935047361299
ONC_BMAG020_F020141COL	6	3830	19	3855	18475	0.791339648173207
ONC_BMAG020_F020143COL	4	3825	47	3876	18475	0.79020297699594
ONC_BMAG020_F020145COL	4	3830	31	3865	18475	0.790798376184032
ONC_BMAG020_F020146COL	4	3837	4	3845	18475	0.791880920162382
ONC_BMAG020_F020147COL	6	3814	59	3879	18475	0.790040595399188
ONC_BMAG020_F020148COL	5	3827	33	3865	18475	0.790798376184032
ONC_BMAG020_F020149COL	3	3789	144	3936	18475	0.786955345060893
ONC_BMAG020_F020152COL	1	3833	23	3857	18475	0.791231393775372
ONC_BMAG020_F020153COL	3	3817	52	3872	18475	0.79041948579161
ONC_BMAG020_F020155COL	6	3831	20	3857	18475	0.791231393775372
ONC_BMAG020_F020157COL	4	3829	20	3853	18475	0.791447902571042
ONC_BMAG020_F020159COL	5	3835	8	3848	18475	0.791718538565629
ONC_BMAG020_F020160COL	1	3835	14	3850	18475	0.791610284167794
ONC_BMAG020_F020161COL	2	3837	10	3849	18475	0.791664411366712
ONC_BMAG020_F020165COL	3	3817	51	3871	18475	0.790473612990528
ONC_BMAG020_F020166COL	7	3805	93	3905	18475	0.788633288227334
ONC_BMAG020_F020167COL	8	3715	283	4006	18475	0.783166441136671
ONC_BMAG020_F050019MKH	6	3830	12	3848	18475	0.791718538565629
ONC_BMAG020_F050024NIM	4	3823	27	3854	18475	0.791393775372125
ONC_BMAG020_F050034MKH	6	3835	8	3849	18475	0.791664411366712
ONC_BMAG020_F050035MKH	5	3827	23	3855	18475	0.791339648173207
ONC_BMAG020_F050055NIM	5	3826	49	3880	18475	0.789986468200271
ONC_BMAG020_F050056NIM	4	3813	66	3883	18475	0.789824086603518
ONC_BMAG020_F050057NIM	1	3824	45	3870	18475	0.790527740189445
ONC_BMAG020_F050073MKH	7	3835	29	3871	18475	0.790473612990528
ONC_BMAG020_F050080NIM	5	3795	103	3903	18475	0.788741542625169
ONC_BMAG020_F050081NIM	10	3803	150	3963	18475	0.785493910690122
ONC_BMAG020_F071595FRH	3	3837	19	3859	18475	0.791123139377537
ONC_BMAG020_F071736FRH	3	3829	19	3851	18475	0.791556156968877
ONC_BMAG020_F071737FRH	3	3826	40	3869	18475	0.790581867388363
ONC_BMAG020_F080136MKH	6	3653	387	4046	18475	0.781001353179973
ONC_BMAG020_F080137MKH	3	3757	173	3933	18475	0.787117726657645
ONC_BMAG020_F080158MKH	3	3815	56	3874	18475	0.790311231393775
ONC_BMAG020_F083161FRH	6	3820	60	3886	18475	0.789661705006766
ONC_BMAG020_F083162FRH	2	3824	28	3854	18475	0.791393775372125
ONC_BMAG020_F098645FRH	1	3828	21	3850	18475	0.791610284167794
ONC_BMAG020_F098646FRH	3	3834	24	3861	18475	0.791014884979702
ONC_BMAG021_F010020MIL	2	3621	658	4281	18475	0.768281461434371
ONC_BMAG021_F020024MIL	6	3705	395	4106	18475	0.777753721244926
ONC_BMAG021_F020025NIM	4	3138	1967	5109	18475	0.723464140730717
ONC_BMAG021_F020026NIM	2	3723	339	4064	18475	0.780027063599459
ONC_BMAG021_F020044NIM	3	3801	116	3920	18475	0.787821380243572
ONC_BMAG021_F020045NIM	9	3703	378	4090	18475	0.778619756427605
ONC_BMAG021_F020076MRH	3	3611	758	4372	18475	0.763355886332882
ONC_BMAG021_F020085MRH	7	2978	2654	5639	18475	0.694776725304465
ONC_BMAG021_F020086STN	4	3660	557	4221	18475	0.771529093369418
ONC_BMAG021_F020088MRH	6	3087	2302	5395	18475	0.707983761840325
ONC_BMAG021_F020097MRH	2	3339	1515	4856	18475	0.737158322056834
ONC_BMAG021_F020133COL	5	3836	10	3851	18475	0.791556156968877
ONC_BMAG021_F020140COL	1	3840	5	3846	18475	0.791826792963464
ONC_BMAG021_F020142COL	0	3835	13	3848	18475	0.791718538565629
ONC_BMAG021_F020151COL	1	3807	65	3873	18475	0.790365358592693
ONC_BMAG021_F020154COL	11	3781	200	3992	18475	0.783924221921516
ONC_BMAG021_F020158COL	6	3813	103	3922	18475	0.787713125845737
ONC_BMAG021_F020163COL	2	3790	154	3946	18475	0.786414073071719
ONC_BMAG021_F020164COL	7	3832	42	3881	18475	0.789932341001353
ONC_BMAG021_F030052NIM	4	3829	31	3864	18475	0.79085250338295
ONC_BMAG021_F030075NIM	2	3831	3	3836	18475	0.792368064952639
ONC_BMAG021_F040063MRH	3	3798	125	3926	18475	0.787496617050068
ONC_BMAG021_F040073MRH	2	3835	14	3851	18475	0.791556156968877
ONC_BMAG021_F040076NIM	4	3835	6	3845	18475	0.791880920162382
ONC_BMAG021_F040084MRH	0	3839	4	3843	18475	0.791989174560217
ONC_BMAG021_F050018MKH	2	3697	378	4077	18475	0.779323410013532
ONC_BMAG021_F050023NIM	4	3832	35	3871	18475	0.790473612990528
ONC_BMAG021_F050072MKH	3	3831	32	3866	18475	0.790744248985115
ONC_BMAG021_F080001MKH	9	3836	11	3856	18475	0.79128552097429
ONC_BMAG021_F080002MKH	5	3816	62	3883	18475	0.789824086603518
ONC_BMAG021_F080003MKH	6	3620	660	4286	18475	0.768010825439783
ONC_BMAG021_F080101MKH	5	3809	98	3912	18475	0.788254397834912
ONC_BMAG021_F080103MKH	8	3624	653	4285	18475	0.768064952638701
ONC_BMAG021_F080107MKH	4	3694	417	4115	18475	0.777266576454668
ONC_BMAG021_F080156MKH	6	3383	1397	4786	18475	0.740947225981055
ONC_BMAG021_F080157MKH	5	3789	160	3954	18475	0.785981055480379
ONC_BMAG021_F080159MKH	5	3788	154	3947	18475	0.786359945872801
ONC_BMAG021_F080161MKH	6	3779	169	3954	18475	0.785981055480379
ONC_BMAG021_F083159FRH	9	3789	129	3927	18475	0.78744248985115
ONC_BMAG021_F083160FRH	10	3788	193	3991	18475	0.783978349120433
ONC_BMAG021_F098644FRH	5	3556	794	4355	18475	0.764276048714479
ONC_BMAG021_F100042FRH	4	3592	740	4336	18475	0.765304465493911
ONC_BMAG021_F100043FRH	4	3792	148	3944	18475	0.786522327469553
ONC_BMAG021_F106579FRH	5	3797	124	3926	18475	0.787496617050068
ONC_BMAG021_F107903FRH	4	3799	130	3933	18475	0.787117726657645
ONC_BMAG022_F010011MIL	15	2502	4224	6741	18475	0.635128552097429
ONC_BMAG022_F010021MIL	10	3646	554	4210	18475	0.77212449255751
ONC_BMAG022_F010225MER	8	3816	71	3895	18475	0.789174560216509
ONC_BMAG022_F010300STN	3	3831	36	3870	18475	0.790527740189445
ONC_BMAG022_F020004STN	16	2589	3920	6525	18475	0.6468200270636
ONC_BMAG022_F020015MIL	13	1921	6330	8264	18475	0.552692828146143
ONC_BMAG022_F020019MIL	9	2592	3830	6431	18475	0.65190798376184
ONC_BMAG022_F020031MIL	6	1299	8710	10015	18475	0.457916102841678
ONC_BMAG022_F020032MIL	7	2446	4445	6898	18475	0.626630581867388
ONC_BMAG022_F020049MER	5	1456	7915	9376	18475	0.492503382949932
ONC_BMAG022_F020073STN	13	3136	2130	5279	18475	0.71426251691475
ONC_BMAG022_F020074MRH	15	2202	5188	7405	18475	0.599188092016238
ONC_BMAG022_F020074STN	13	3442	1178	4633	18475	0.749228687415426
ONC_BMAG022_F020085STN	21	2809	2975	5805	18475	0.685791610284168
ONC_BMAG022_F020087STN	11	2540	3939	6490	18475	0.64871447902571
ONC_BMAG022_F030015NIM	4	3830	6	3840	18475	0.792151556156969
ONC_BMAG022_F030016NIM	2	3830	2	3834	18475	0.792476319350474
ONC_BMAG022_F030053NIM	2	3833	4	3839	18475	0.792205683355886
ONC_BMAG022_F030054NIM	2	3843	3	3848	18475	0.791718538565629
ONC_BMAG022_F030076NIM	5	3834	7	3846	18475	0.791826792963464
ONC_BMAG022_F040010TOU	2	3827	12	3841	18475	0.792097428958051
ONC_BMAG022_F040016TOU	5	3832	34	3871	18475	0.790473612990528
ONC_BMAG022_F040019NIM	4	3837	6	3847	18475	0.791772665764547
ONC_BMAG022_F040024TOU	8	3740	301	4049	18475	0.780838971583221
ONC_BMAG022_F040053MRH	11	1200	9024	10235	18475	0.446008119079838
ONC_BMAG022_F040053NIM	4	3813	60	3877	18475	0.790148849797023
ONC_BMAG022_F040054MRH	13	2894	2735	5642	18475	0.694614343707713
ONC_BMAG022_F040056STN	4	3842	6	3852	18475	0.791502029769959
ONC_BMAG022_F040066TOU	12	3550	829	4391	18475	0.762327469553451
ONC_BMAG022_F040073STN	12	2456	4340	6808	18475	0.631502029769959
ONC_BMAG022_F040081MKH	4	3815	100	3919	18475	0.78787550744249
ONC_BMAG022_F040082NIM	6	3699	423	4128	18475	0.776562922868742
ONC_BMAG022_F040082TOU	6	3830	24	3860	18475	0.79106901217862
ONC_BMAG022_F071755FRH	7	3716	413	4136	18475	0.776129905277402
ONC_BMAG022_F080019MER	2	3482	1043	4527	18475	0.754966170500677
ONC_BMAG022_F098642FRH	19	3223	1865	5107	18475	0.723572395128552
ONC_BMAG022_F100040FRH	5	3697	388	4090	18475	0.778619756427605
ONC_BMAG022_F100554FRH	8	3251	1806	5065	18475	0.725845737483085
ONC_BMAG022_F1010578FRH	8	3511	959	4478	18475	0.757618403247632
ONC_BMAG022_F101504FRH	5	3680	472	4157	18475	0.774993234100135
ONC_BMAG022_F106580FRH	9	3451	1193	4653	18475	0.748146143437077
ONC_BMAG022_F200082STN	7	3224	1893	5124	18475	0.722652232746955
ONC_BMAG023_F010017MIL	11	1627	7290	8928	18475	0.516752368064953
ONC_BMAG023_F010155MER	3	1163	9240	10406	18475	0.436752368064953
ONC_BMAG023_F010157MER	1	3834	15	3850	18475	0.791610284167794
ONC_BMAG023_F010226MER	2	3549	801	4352	18475	0.764438430311231
ONC_BMAG023_F010240MER	6	3824	53	3883	18475	0.789824086603518
ONC_BMAG023_F010289STN	3	3831	12	3846	18475	0.791826792963464
ONC_BMAG023_F010290STN	0	3688	410	4098	18475	0.778186738836265
ONC_BMAG023_F020003STN	11	1488	7858	9357	18475	0.493531799729364
ONC_BMAG023_F020013MIL	2	1888	6314	8204	18475	0.555940460081191
ONC_BMAG023_F020134BUT	1	3836	4	3841	18475	0.792097428958051
ONC_BMAG023_F030080NIM	3	3835	4	3842	18475	0.792043301759134
ONC_BMAG023_F030103BUT	7	2008	6157	8172	18475	0.557672530446549
ONC_BMAG023_F030106BUT	5	1228	9398	10631	18475	0.424573748308525
ONC_BMAG023_F030131BUT	2	1602	7093	8697	18475	0.529255751014885
ONC_BMAG023_F040008DER	1	3821	71	3893	18475	0.789282814614344
ONC_BMAG023_F040010DER	4	3659	549	4212	18475	0.772016238159675
ONC_BMAG023_F040012TOU	2	3796	119	3917	18475	0.787983761840325
ONC_BMAG023_F040019MRH	2	1236	8807	10045	18475	0.456292286874154
ONC_BMAG023_F040020NIM	3	3593	779	4375	18475	0.76319350473613
ONC_BMAG023_F040020TOU	8	3770	187	3965	18475	0.785385656292287
ONC_BMAG023_F040022MKH	4	2059	5459	7522	18475	0.592855209742896
ONC_BMAG023_F040025TOU	6	1540	7933	9479	18475	0.486928281461434
ONC_BMAG023_F040027NIM	9	3054	2515	5578	18475	0.69807848443843
ONC_BMAG023_F040027TOU	3	1961	6025	7989	18475	0.567577807848444
ONC_BMAG023_F040030TOU	3	3420	1220	4643	18475	0.748687415426252
ONC_BMAG023_F040033TOU	3	3689	506	4198	18475	0.77277401894452
ONC_BMAG023_F040035MKH	4	3742	310	4056	18475	0.780460081190798
ONC_BMAG023_F040036TOU	6	3832	23	3861	18475	0.791014884979702
ONC_BMAG023_F040043STN	5	3830	10	3845	18475	0.791880920162382
ONC_BMAG023_F040046DER	9	3592	730	4331	18475	0.765575101488498
ONC_BMAG023_F040047NIM	3	2729	3510	6242	18475	0.662138024357239
ONC_BMAG023_F040052STN	3	3796	140	3939	18475	0.786792963464141
ONC_BMAG023_F040054NIM	5	2446	4437	6888	18475	0.627171853856563
ONC_BMAG023_F040055MKH	5	3608	673	4286	18475	0.768010825439783
ONC_BMAG023_F040060STN	2	3809	99	3910	18475	0.788362652232747
ONC_BMAG023_F040069TOU	5	3368	1406	4779	18475	0.741326116373478
ONC_BMAG023_F040076TOU	4	3451	1117	4572	18475	0.752530446549391
ONC_BMAG023_F040077TOU	8	3417	1244	4669	18475	0.747280108254398
ONC_BMAG023_F040079TOU	3	3655	518	4176	18475	0.773964817320704
ONC_BMAG023_F040086STN	5	1534	7691	9230	18475	0.500405953991881
ONC_BMAG023_F040095TOU	2	1190	9268	10460	18475	0.43382949932341
ONC_BMAG023_F040117BUT	2	3782	171	3955	18475	0.785926928281461
ONC_BMAG023_F040121BUT	1	3838	20	3859	18475	0.791123139377537
ONC_BMAG024_F010010MIL	11	3239	1766	5016	18475	0.728497970230041
ONC_BMAG024_F010014MIL	7	2508	4021	6536	18475	0.646224627875507
ONC_BMAG024_F010019STN	3	3839	6	3848	18475	0.791718538565629
ONC_BMAG024_F010022MIL	15	2041	5805	7861	18475	0.574506089309878
ONC_BMAG024_F010122MER	8	3840	5	3853	18475	0.791447902571042
ONC_BMAG024_F010219STN	5	3705	334	4044	18475	0.781109607577808
ONC_BMAG024_F010227MER	6	3828	13	3847	18475	0.791772665764547
ONC_BMAG024_F010233MER	1	3842	6	3849	18475	0.791664411366712
ONC_BMAG024_F010242MER	5	3831	8	3844	18475	0.791935047361299
ONC_BMAG024_F010244MER	6	3831	3	3840	18475	0.792151556156969
ONC_BMAG024_F010245MER	1	3837	19	3857	18475	0.791231393775372
ONC_BMAG024_F010246MER	4	3834	5	3843	18475	0.791989174560217
ONC_BMAG024_F020013DER	18	2047	5931	7996	18475	0.567198917456022
ONC_BMAG024_F040011DER	9	3755	268	4032	18475	0.781759133964817
ONC_BMAG024_F040018MKH	4	3787	159	3950	18475	0.786197564276049
ONC_BMAG024_F040030MER	7	3208	1896	5111	18475	0.723355886332882
ONC_BMAG024_F040035TOU	6	3563	905	4474	18475	0.757834912043302
ONC_BMAG024_F040046STN	4	3324	1530	4858	18475	0.737050067658999
ONC_BMAG024_F040058MKH	14	1769	6884	8667	18475	0.530879566982409
ONC_BMAG024_F040058STN	1	3789	177	3967	18475	0.785277401894452
ONC_BMAG024_F040059MKH	6	2854	3023	5883	18475	0.681569688768606
ONC_BMAG024_F040060MKH	6	3678	431	4115	18475	0.777266576454668
ONC_BMAG024_F040080MKH	8	3401	1265	4674	18475	0.747009472259811
ONC_BMAG024_F040083TOU	9	2427	4508	6944	18475	0.624140730717185
ONC_BMAG024_F040086TOU	6	1146	9710	10862	18475	0.412070365358593
ONC_BMAG024_F040087BUT	14	1938	6342	8294	18475	0.55106901217862
ONC_BMAG024_F040094TOU	4	3547	856	4407	18475	0.761461434370771
ONC_BMAG024_F040097BUT	9	3572	725	4306	18475	0.766928281461434
ONC_BMAG024_F083155FRH	23	2064	5784	7871	18475	0.573964817320704
ONC_BMAG024_F100041FRH	7	3815	59	3881	18475	0.789932341001353
ONC_BMAG024_F1011747FRH	7	3691	453	4151	18475	0.77531799729364
ONC_BMAG025_F010002MIL	6	2522	3879	6407	18475	0.653207036535859
ONC_BMAG025_F010023MIL	3	2042	5731	7776	18475	0.579106901217862
ONC_BMAG025_F010053MER	3	3760	197	3960	18475	0.785656292286874
ONC_BMAG025_F010115MER	4	3771	148	3923	18475	0.78765899864682
ONC_BMAG025_F010116MER	3	3823	34	3860	18475	0.79106901217862
ONC_BMAG025_F010121MER	2	3817	69	3888	18475	0.789553450608931
ONC_BMAG025_F010154MER	3	3816	54	3873	18475	0.790365358592693
ONC_BMAG025_F010158MER	5	3836	3	3844	18475	0.791935047361299
ONC_BMAG025_F010197MER	1	3731	243	3975	18475	0.784844384303112
ONC_BMAG025_F010202STN	4	3614	637	4255	18475	0.769688768606225
ONC_BMAG025_F010231MER	2	3789	124	3915	18475	0.78809201623816
ONC_BMAG025_F020122BUT	1	3835	6	3842	18475	0.792043301759134
ONC_BMAG025_F020127BUT	6	3810	69	3885	18475	0.789715832205683
ONC_BMAG025_F020135BUT	4	3807	106	3917	18475	0.787983761840325
ONC_BMAG025_F030124BUT	4	3470	1071	4545	18475	0.753991880920162
ONC_BMAG025_F030129BUT	4	2419	6026	8449	18475	0.542679296346414
ONC_BMAG025_F040022DER	2	3813	86	3901	18475	0.788849797023004
ONC_BMAG025_F040023MER	5	1925	6181	8111	18475	0.560974289580514
ONC_BMAG025_F040027DER	6	3838	11	3855	18475	0.791339648173207
ONC_BMAG025_F040041STN	8	1303	8888	10199	18475	0.447956698240866
ONC_BMAG025_F040044MIL	4	3498	993	4495	18475	0.756698240866035
ONC_BMAG025_F040047DER	3	3265	1765	5033	18475	0.727577807848444
ONC_BMAG025_F040050DER	3	3803	96	3902	18475	0.788795669824087
ONC_BMAG025_F040050MIL	1	3428	1256	4685	18475	0.746414073071719
ONC_BMAG025_F040065DER	4	3365	1401	4770	18475	0.741813261163735
ONC_BMAG025_F040089TOU	4	1875	6404	8283	18475	0.551664411366712
ONC_BMAG025_F040093MIL	5	3779	169	3953	18475	0.786035182679296
ONC_BMAG025_F040095MIL	8	2794	3185	5987	18475	0.675940460081191
ONC_BMAG025_F106578FRH	3	3693	469	4165	18475	0.774560216508796
